Arguments: 
  /usr/local/bin/node /usr/local/bin/yarn start

PATH: 
  /usr/local/bin:/Users/tiffanykaiser/.rvm/gems/ruby-2.2.1/bin:/Users/tiffanykaiser/.rvm/gems/ruby-2.2.1@global/bin:/Users/tiffanykaiser/.rvm/rubies/ruby-2.2.1/bin:/usr/local/bin:/usr/bin:/bin:/usr/sbin:/sbin:/Users/tiffanykaiser/.rvm/bin:/Users/tiffanykaiser/Library/Android/sdk:/Users/tiffanykaiser/Library/Android/sdk/platform-tools

Yarn version: 
  1.8.0

Node version: 
  8.11.3

Platform: 
  darwin x64

Trace: 
  SyntaxError: /Users/tiffanykaiser/Projects/React-Nanodegree/project3/query-up/package.json: Unexpected token } in JSON at position 289
      at JSON.parse (<anonymous>)
      at /usr/local/lib/node_modules/yarn/lib/cli.js:1130:59
      at Generator.next (<anonymous>)
      at step (/usr/local/lib/node_modules/yarn/lib/cli.js:98:30)
      at /usr/local/lib/node_modules/yarn/lib/cli.js:109:13
      at <anonymous>

npm manifest: 
  {
    "name": "empty-project-template",
    "main": "node_modules/expo/AppEntry.js",
    "private": true,
    "scripts": {
      "start": "react-native-scripts start",
      "eject": "react-native-scripts eject",
      "android": "react-native-scripts android",
      "ios": "react-native-scripts ios",
    },
    "dependencies": {
      "expo": "^30.0.1",
      "react": "16.3.1",
      "react-native": "https://github.com/expo/react-native/archive/sdk-30.0.0.tar.gz"
    }
  }

yarn manifest: 
  No manifest

Lockfile: 
  No lockfile
